{"contracts/oz-modified/ERC20Capped.sol":{"l":{"17":34,"18":32,"25":8,"32":3,"43":79,"45":79,"46":55},"path":"/Users/matthewswezy/GitHub/MSwezey23/Shift Community Project/wrapped-shift-erc20/contracts/oz-modified/ERC20Capped.sol","s":{"1":34,"2":32,"3":8,"4":3,"5":79,"6":79,"7":55},"b":{"1":[32,2],"2":[55,24],"3":[49,6]},"f":{"1":34,"2":8,"3":3,"4":79},"fnMap":{"1":{"name":"constructor","line":16,"loc":{"start":{"line":16,"column":4},"end":{"line":19,"column":4}}},"2":{"name":"cap","line":24,"loc":{"start":{"line":24,"column":4},"end":{"line":26,"column":4}}},"3":{"name":"_updateCap","line":31,"loc":{"start":{"line":31,"column":4},"end":{"line":33,"column":4}}},"4":{"name":"_beforeTokenTransfer","line":42,"loc":{"start":{"line":42,"column":4},"end":{"line":48,"column":4}}}},"statementMap":{"1":{"start":{"line":17,"column":8},"end":{"line":17,"column":48}},"2":{"start":{"line":18,"column":8},"end":{"line":18,"column":17}},"3":{"start":{"line":25,"column":8},"end":{"line":25,"column":19}},"4":{"start":{"line":32,"column":8},"end":{"line":32,"column":20}},"5":{"start":{"line":43,"column":8},"end":{"line":43,"column":51}},"6":{"start":{"line":45,"column":8},"end":{"line":45,"column":1093}},"7":{"start":{"line":46,"column":12},"end":{"line":46,"column":82}}},"branchMap":{"1":{"line":17,"type":"if","locations":[{"start":{"line":17,"column":8},"end":{"line":17,"column":8}},{"start":{"line":17,"column":8},"end":{"line":17,"column":8}}]},"2":{"line":45,"type":"if","locations":[{"start":{"line":45,"column":8},"end":{"line":45,"column":8}},{"start":{"line":45,"column":8},"end":{"line":45,"column":8}}]},"3":{"line":46,"type":"if","locations":[{"start":{"line":46,"column":12},"end":{"line":46,"column":12}},{"start":{"line":46,"column":12},"end":{"line":46,"column":12}}]}}},"contracts/WrappedShift.sol":{"l":{"21":6,"22":4,"26":32,"27":32,"28":32,"29":32,"30":32,"39":9,"40":5,"41":3,"49":59,"50":55,"58":10,"60":6,"61":10,"70":11,"71":9,"79":11,"80":9,"88":4,"89":2,"97":4,"98":2,"108":4,"115":79},"path":"/Users/matthewswezy/GitHub/MSwezey23/Shift Community Project/wrapped-shift-erc20/contracts/WrappedShift.sol","s":{"1":6,"2":32,"3":32,"4":32,"5":32,"6":32,"7":9,"8":5,"9":3,"10":59,"11":55,"12":10,"13":6,"14":10,"15":11,"16":9,"17":11,"18":9,"19":4,"20":2,"21":4,"22":2,"23":4,"24":79},"b":{"1":[4,2],"2":[5,4],"3":[3,2],"4":[55,4],"5":[6,4],"6":[9,2],"7":[9,2],"8":[2,2],"9":[2,2]},"f":{"1":6,"2":32,"3":9,"4":59,"5":10,"6":11,"7":11,"8":4,"9":4,"10":4,"11":79},"fnMap":{"1":{"name":"canBurn","line":20,"loc":{"start":{"line":20,"column":4},"end":{"line":23,"column":4}}},"2":{"name":"constructor","line":25,"loc":{"start":{"line":25,"column":4},"end":{"line":31,"column":4}}},"3":{"name":"setCap","line":38,"loc":{"start":{"line":38,"column":4},"end":{"line":42,"column":4}}},"4":{"name":"mint","line":48,"loc":{"start":{"line":48,"column":4},"end":{"line":51,"column":4}}},"5":{"name":"multiMint","line":57,"loc":{"start":{"line":57,"column":4},"end":{"line":63,"column":4}}},"6":{"name":"pause","line":69,"loc":{"start":{"line":69,"column":4},"end":{"line":72,"column":4}}},"7":{"name":"unpause","line":78,"loc":{"start":{"line":78,"column":4},"end":{"line":81,"column":4}}},"8":{"name":"enableBurn","line":87,"loc":{"start":{"line":87,"column":4},"end":{"line":90,"column":4}}},"9":{"name":"disableBurn","line":96,"loc":{"start":{"line":96,"column":4},"end":{"line":99,"column":4}}},"10":{"name":"_burn","line":107,"loc":{"start":{"line":107,"column":4},"end":{"line":109,"column":4}}},"11":{"name":"_beforeTokenTransfer","line":114,"loc":{"start":{"line":114,"column":4},"end":{"line":116,"column":4}}}},"statementMap":{"1":{"start":{"line":21,"column":8},"end":{"line":21,"column":78}},"2":{"start":{"line":26,"column":8},"end":{"line":26,"column":51}},"3":{"start":{"line":27,"column":8},"end":{"line":27,"column":44}},"4":{"start":{"line":28,"column":8},"end":{"line":28,"column":44}},"5":{"start":{"line":29,"column":8},"end":{"line":29,"column":44}},"6":{"start":{"line":30,"column":8},"end":{"line":30,"column":44}},"7":{"start":{"line":39,"column":8},"end":{"line":39,"column":86}},"8":{"start":{"line":40,"column":8},"end":{"line":40,"column":61}},"9":{"start":{"line":41,"column":8},"end":{"line":41,"column":26}},"10":{"start":{"line":49,"column":8},"end":{"line":49,"column":83}},"11":{"start":{"line":50,"column":8},"end":{"line":50,"column":24}},"12":{"start":{"line":58,"column":8},"end":{"line":58,"column":82}},"13":{"start":{"line":60,"column":8},"end":{"line":60,"column":2301}},"14":{"start":{"line":61,"column":12},"end":{"line":61,"column":42}},"15":{"start":{"line":70,"column":8},"end":{"line":70,"column":84}},"16":{"start":{"line":71,"column":8},"end":{"line":71,"column":15}},"17":{"start":{"line":79,"column":8},"end":{"line":79,"column":86}},"18":{"start":{"line":80,"column":8},"end":{"line":80,"column":17}},"19":{"start":{"line":88,"column":8},"end":{"line":88,"column":90}},"20":{"start":{"line":89,"column":8},"end":{"line":89,"column":28}},"21":{"start":{"line":97,"column":8},"end":{"line":97,"column":91}},"22":{"start":{"line":98,"column":8},"end":{"line":98,"column":29}},"23":{"start":{"line":108,"column":8},"end":{"line":108,"column":35}},"24":{"start":{"line":115,"column":8},"end":{"line":115,"column":51}}},"branchMap":{"1":{"line":21,"type":"if","locations":[{"start":{"line":21,"column":8},"end":{"line":21,"column":8}},{"start":{"line":21,"column":8},"end":{"line":21,"column":8}}]},"2":{"line":39,"type":"if","locations":[{"start":{"line":39,"column":8},"end":{"line":39,"column":8}},{"start":{"line":39,"column":8},"end":{"line":39,"column":8}}]},"3":{"line":40,"type":"if","locations":[{"start":{"line":40,"column":8},"end":{"line":40,"column":8}},{"start":{"line":40,"column":8},"end":{"line":40,"column":8}}]},"4":{"line":49,"type":"if","locations":[{"start":{"line":49,"column":8},"end":{"line":49,"column":8}},{"start":{"line":49,"column":8},"end":{"line":49,"column":8}}]},"5":{"line":58,"type":"if","locations":[{"start":{"line":58,"column":8},"end":{"line":58,"column":8}},{"start":{"line":58,"column":8},"end":{"line":58,"column":8}}]},"6":{"line":70,"type":"if","locations":[{"start":{"line":70,"column":8},"end":{"line":70,"column":8}},{"start":{"line":70,"column":8},"end":{"line":70,"column":8}}]},"7":{"line":79,"type":"if","locations":[{"start":{"line":79,"column":8},"end":{"line":79,"column":8}},{"start":{"line":79,"column":8},"end":{"line":79,"column":8}}]},"8":{"line":88,"type":"if","locations":[{"start":{"line":88,"column":8},"end":{"line":88,"column":8}},{"start":{"line":88,"column":8},"end":{"line":88,"column":8}}]},"9":{"line":97,"type":"if","locations":[{"start":{"line":97,"column":8},"end":{"line":97,"column":8}},{"start":{"line":97,"column":8},"end":{"line":97,"column":8}}]}}}}