{"contracts/oz-modified/ERC20Capped.sol":{"l":{"17":34,"18":32,"25":6,"32":1,"43":76,"45":76,"46":52},"path":"/Users/matthewswezy/GitHub/wrapped-shift-erc20/contracts/oz-modified/ERC20Capped.sol","s":{"1":34,"2":32,"3":6,"4":1,"5":76,"6":76,"7":52},"b":{"1":[32,2],"2":[52,24],"3":[48,4]},"f":{"1":34,"2":6,"3":1,"4":76},"fnMap":{"1":{"name":"constructor","line":16,"loc":{"start":{"line":16,"column":4},"end":{"line":19,"column":4}}},"2":{"name":"cap","line":24,"loc":{"start":{"line":24,"column":4},"end":{"line":26,"column":4}}},"3":{"name":"_updateCap","line":31,"loc":{"start":{"line":31,"column":4},"end":{"line":33,"column":4}}},"4":{"name":"_beforeTokenTransfer","line":42,"loc":{"start":{"line":42,"column":4},"end":{"line":48,"column":4}}}},"statementMap":{"1":{"start":{"line":17,"column":8},"end":{"line":17,"column":48}},"2":{"start":{"line":18,"column":8},"end":{"line":18,"column":17}},"3":{"start":{"line":25,"column":8},"end":{"line":25,"column":19}},"4":{"start":{"line":32,"column":8},"end":{"line":32,"column":20}},"5":{"start":{"line":43,"column":8},"end":{"line":43,"column":51}},"6":{"start":{"line":45,"column":8},"end":{"line":45,"column":1093}},"7":{"start":{"line":46,"column":12},"end":{"line":46,"column":82}}},"branchMap":{"1":{"line":17,"type":"if","locations":[{"start":{"line":17,"column":8},"end":{"line":17,"column":8}},{"start":{"line":17,"column":8},"end":{"line":17,"column":8}}]},"2":{"line":45,"type":"if","locations":[{"start":{"line":45,"column":8},"end":{"line":45,"column":8}},{"start":{"line":45,"column":8},"end":{"line":45,"column":8}}]},"3":{"line":46,"type":"if","locations":[{"start":{"line":46,"column":12},"end":{"line":46,"column":12}},{"start":{"line":46,"column":12},"end":{"line":46,"column":12}}]}}},"contracts/WrappedShift.sol":{"l":{"21":6,"22":4,"26":32,"27":32,"28":32,"29":32,"30":32,"38":7,"39":3,"40":1,"48":56,"49":52,"56":10,"58":6,"59":10,"68":11,"69":9,"77":11,"78":9,"86":4,"87":2,"95":4,"96":2,"107":4,"111":76},"path":"/Users/matthewswezy/GitHub/wrapped-shift-erc20/contracts/WrappedShift.sol","s":{"1":6,"2":32,"3":32,"4":32,"5":32,"6":32,"7":7,"8":3,"9":1,"10":56,"11":52,"12":10,"13":6,"14":10,"15":11,"16":9,"17":11,"18":9,"19":4,"20":2,"21":4,"22":2,"23":4,"24":76},"b":{"1":[4,2],"2":[3,4],"3":[1,2],"4":[52,4],"5":[6,4],"6":[9,2],"7":[9,2],"8":[2,2],"9":[2,2]},"f":{"1":6,"2":32,"3":7,"4":56,"5":10,"6":11,"7":11,"8":4,"9":4,"10":4,"11":76},"fnMap":{"1":{"name":"canBurn","line":20,"loc":{"start":{"line":20,"column":4},"end":{"line":23,"column":4}}},"2":{"name":"constructor","line":25,"loc":{"start":{"line":25,"column":4},"end":{"line":31,"column":4}}},"3":{"name":"setCap","line":37,"loc":{"start":{"line":37,"column":4},"end":{"line":41,"column":4}}},"4":{"name":"mint","line":47,"loc":{"start":{"line":47,"column":4},"end":{"line":50,"column":4}}},"5":{"name":"multiMint","line":55,"loc":{"start":{"line":55,"column":4},"end":{"line":61,"column":4}}},"6":{"name":"pause","line":67,"loc":{"start":{"line":67,"column":4},"end":{"line":70,"column":4}}},"7":{"name":"unpause","line":76,"loc":{"start":{"line":76,"column":4},"end":{"line":79,"column":4}}},"8":{"name":"enableBurn","line":85,"loc":{"start":{"line":85,"column":4},"end":{"line":88,"column":4}}},"9":{"name":"disableBurn","line":94,"loc":{"start":{"line":94,"column":4},"end":{"line":97,"column":4}}},"10":{"name":"_burn","line":106,"loc":{"start":{"line":106,"column":4},"end":{"line":108,"column":4}}},"11":{"name":"_beforeTokenTransfer","line":110,"loc":{"start":{"line":110,"column":4},"end":{"line":112,"column":4}}}},"statementMap":{"1":{"start":{"line":21,"column":8},"end":{"line":21,"column":78}},"2":{"start":{"line":26,"column":8},"end":{"line":26,"column":51}},"3":{"start":{"line":27,"column":8},"end":{"line":27,"column":44}},"4":{"start":{"line":28,"column":8},"end":{"line":28,"column":44}},"5":{"start":{"line":29,"column":8},"end":{"line":29,"column":44}},"6":{"start":{"line":30,"column":8},"end":{"line":30,"column":44}},"7":{"start":{"line":38,"column":8},"end":{"line":38,"column":86}},"8":{"start":{"line":39,"column":8},"end":{"line":39,"column":61}},"9":{"start":{"line":40,"column":8},"end":{"line":40,"column":26}},"10":{"start":{"line":48,"column":8},"end":{"line":48,"column":83}},"11":{"start":{"line":49,"column":8},"end":{"line":49,"column":24}},"12":{"start":{"line":56,"column":8},"end":{"line":56,"column":82}},"13":{"start":{"line":58,"column":8},"end":{"line":58,"column":2190}},"14":{"start":{"line":59,"column":12},"end":{"line":59,"column":42}},"15":{"start":{"line":68,"column":8},"end":{"line":68,"column":84}},"16":{"start":{"line":69,"column":8},"end":{"line":69,"column":15}},"17":{"start":{"line":77,"column":8},"end":{"line":77,"column":86}},"18":{"start":{"line":78,"column":8},"end":{"line":78,"column":17}},"19":{"start":{"line":86,"column":8},"end":{"line":86,"column":90}},"20":{"start":{"line":87,"column":8},"end":{"line":87,"column":28}},"21":{"start":{"line":95,"column":8},"end":{"line":95,"column":91}},"22":{"start":{"line":96,"column":8},"end":{"line":96,"column":29}},"23":{"start":{"line":107,"column":8},"end":{"line":107,"column":35}},"24":{"start":{"line":111,"column":8},"end":{"line":111,"column":51}}},"branchMap":{"1":{"line":21,"type":"if","locations":[{"start":{"line":21,"column":8},"end":{"line":21,"column":8}},{"start":{"line":21,"column":8},"end":{"line":21,"column":8}}]},"2":{"line":38,"type":"if","locations":[{"start":{"line":38,"column":8},"end":{"line":38,"column":8}},{"start":{"line":38,"column":8},"end":{"line":38,"column":8}}]},"3":{"line":39,"type":"if","locations":[{"start":{"line":39,"column":8},"end":{"line":39,"column":8}},{"start":{"line":39,"column":8},"end":{"line":39,"column":8}}]},"4":{"line":48,"type":"if","locations":[{"start":{"line":48,"column":8},"end":{"line":48,"column":8}},{"start":{"line":48,"column":8},"end":{"line":48,"column":8}}]},"5":{"line":56,"type":"if","locations":[{"start":{"line":56,"column":8},"end":{"line":56,"column":8}},{"start":{"line":56,"column":8},"end":{"line":56,"column":8}}]},"6":{"line":68,"type":"if","locations":[{"start":{"line":68,"column":8},"end":{"line":68,"column":8}},{"start":{"line":68,"column":8},"end":{"line":68,"column":8}}]},"7":{"line":77,"type":"if","locations":[{"start":{"line":77,"column":8},"end":{"line":77,"column":8}},{"start":{"line":77,"column":8},"end":{"line":77,"column":8}}]},"8":{"line":86,"type":"if","locations":[{"start":{"line":86,"column":8},"end":{"line":86,"column":8}},{"start":{"line":86,"column":8},"end":{"line":86,"column":8}}]},"9":{"line":95,"type":"if","locations":[{"start":{"line":95,"column":8},"end":{"line":95,"column":8}},{"start":{"line":95,"column":8},"end":{"line":95,"column":8}}]}}}}